16:50:19.770 INFO  Scanner configuration file: /usr/local/Cellar/sonar-scanner/8.0.1.6346/libexec/conf/sonar-scanner.properties
16:50:19.774 INFO  Project root configuration file: /Users/vagner/Library/CloudStorage/Dropbox/_MBA Esalq/_TCC/Projeto/iOS/sonar-project.properties
16:50:19.790 INFO  SonarScanner CLI 8.0.1.6346
16:50:19.793 INFO  Mac OS X 26.1 aarch64
16:50:21.475 INFO  Communicating with SonarQube Community Build 25.11.0.114957
16:50:21.475 WARN  Use of 'sonar.login' property has been deprecated in favor of 'sonar.token' (or the env variable alternative 'SONAR_TOKEN'). Please use the latter when passing a token.
16:50:21.476 INFO  JRE provisioning: os[macos], arch[arm64]
16:50:25.010 INFO  Starting SonarScanner Engine...
16:50:25.010 INFO  Java 17.0.13 Eclipse Adoptium (64-bit)
16:50:26.727 INFO  Load global settings
16:50:26.843 INFO  Load global settings (done) | time=117ms
16:50:26.845 INFO  Server id: 147B411E-AZsO75rQ--E16cdqbayY
16:50:26.852 INFO  Loading required plugins
16:50:26.853 INFO  Load plugins index
16:50:26.888 INFO  Load plugins index (done) | time=35ms
16:50:26.889 INFO  Load/download plugins
16:50:27.192 INFO  Load/download plugins (done) | time=305ms
16:50:27.368 INFO  Process project properties
16:50:27.375 INFO  Process project properties (done) | time=6ms
16:50:27.381 INFO  Project key: cardapio-usp-m1
16:50:27.381 INFO  Base dir: /Users/vagner/Library/CloudStorage/Dropbox/_MBA Esalq/_TCC/Projeto/iOS
16:50:27.381 INFO  Working dir: /Users/vagner/Library/CloudStorage/Dropbox/_MBA Esalq/_TCC/Projeto/iOS/.scannerwork
16:50:27.387 INFO  Load project settings for component key: 'cardapio-usp-m1'
16:50:27.421 INFO  Load quality profiles
16:50:27.547 INFO  Load quality profiles (done) | time=126ms
16:50:27.569 INFO  Load active rules
16:50:27.965 INFO  Load active rules (done) | time=396ms
16:50:27.967 INFO  Load analysis cache
16:50:27.972 INFO  Load analysis cache (404) | time=5ms
16:50:28.006 WARN  The property 'sonar.login' is deprecated and will be removed in the future. Please use the 'sonar.token' property instead when passing a token.
16:50:28.027 INFO  Preprocessing files...
16:50:28.460 INFO  1 language detected in 284 preprocessed files (done) | time=434ms
16:50:28.461 INFO  21 files ignored because of inclusion/exclusion patterns
16:50:28.461 INFO  2 files ignored because of scm ignore settings
16:50:28.462 INFO  Loading plugins for detected languages
16:50:28.462 INFO  Load/download plugins
16:50:28.462 INFO  Load/download plugins (done) | time=0ms
16:50:28.486 INFO  Load project repositories
16:50:28.497 INFO  Load project repositories (done) | time=12ms
16:50:28.502 INFO  Indexing files...
16:50:28.503 INFO  Project configuration:
16:50:28.503 INFO    Excluded sources: **/Pods/**, **/Index/**, **/*.framework/**, **/Build/**, **/AF*.m, **/AF*.h, **/Crashlytics.framework/**, **/Fabric.framework/**, **/*Tests.m
16:50:28.503 INFO    Included tests: **/*Tests.m
16:50:28.543 INFO  284 files indexed (done) | time=41ms
16:50:28.544 INFO  Quality profile for json: Sonar way
16:50:28.544 INFO  ------------- Run sensors on module Cardapio USP - M1
16:50:28.559 INFO  Load metrics repository
16:50:28.577 INFO  Load metrics repository (done) | time=18ms
16:50:28.700 INFO  Sensor JaCoCo XML Report Importer [jacoco]
16:50:28.700 INFO  'sonar.coverage.jacoco.xmlReportPaths' is not defined. Using default locations: target/site/jacoco/jacoco.xml,target/site/jacoco-it/jacoco.xml,build/reports/jacoco/test/jacocoTestReport.xml
16:50:28.701 INFO  No report imported, no coverage information will be imported by JaCoCo XML Report Importer
16:50:28.701 INFO  Sensor JaCoCo XML Report Importer [jacoco] (done) | time=1ms
16:50:28.701 INFO  Sensor IaC CloudFormation Sensor [iac]
16:50:28.710 WARN  Invalid character encountered in file /Users/vagner/Library/CloudStorage/Dropbox/_MBA Esalq/_TCC/Projeto/iOS/Cardapio USP/restaurants.json at line 2 for encoding UTF-8. Please fix file content or configure the encoding to be used using property 'sonar.sourceEncoding'.
16:50:28.735 INFO  There are no files to be analyzed for the CloudFormation language
16:50:28.735 INFO  Sensor IaC CloudFormation Sensor [iac] (done) | time=34ms
16:50:28.735 INFO  Sensor IaC cfn-lint report Sensor [iac]
16:50:28.735 INFO  Sensor IaC cfn-lint report Sensor [iac] (done) | time=1ms
16:50:28.735 INFO  Sensor IaC Docker Sensor [iac]
16:50:28.737 INFO  There are no files to be analyzed for the Docker language
16:50:28.737 INFO  Sensor IaC Docker Sensor [iac] (done) | time=1ms
16:50:28.737 INFO  Sensor IaC hadolint report Sensor [iac]
16:50:28.737 INFO  Sensor IaC hadolint report Sensor [iac] (done) | time=1ms
16:50:28.737 INFO  Sensor IaC Azure Resource Manager Sensor [iac]
16:50:28.741 INFO  There are no files to be analyzed for the Azure Resource Manager language
16:50:28.747 INFO  Sensor IaC Azure Resource Manager Sensor [iac] (done) | time=4ms
16:50:28.747 INFO  Sensor Java Config Sensor [iac]
16:50:28.752 INFO  There are no files to be analyzed for the Java language
16:50:28.752 INFO  Sensor Java Config Sensor [iac] (done) | time=2ms
16:50:28.752 INFO  Sensor TextAndSecretsSensor [text]
16:50:28.800 INFO  Available processors: 8
16:50:28.800 INFO  Using 8 threads for analysis.
16:50:29.015 INFO  Start fetching files for the text and secrets analysis
16:50:29.032 INFO  Using Git CLI to retrieve untracked files
16:50:29.108 INFO  Retrieving language associated files and files included via "sonar.text.inclusions" that are tracked by git
16:50:29.121 INFO  Starting the text and secrets analysis
16:50:29.123 INFO  31 source files to be analyzed for the text and secrets analysis
16:50:29.139 INFO  31/31 source files have been analyzed for the text and secrets analysis
16:50:29.144 INFO  Sensor TextAndSecretsSensor [text] (done) | time=400ms
16:50:29.145 INFO  ------------- Run sensors on project
16:50:29.221 INFO  Sensor Generic Coverage Report
16:50:29.221 INFO  Parsing /Users/vagner/Library/CloudStorage/Dropbox/_MBA Esalq/_TCC/Projeto/iOS/metrics-reports/cobertura.xml
16:50:29.228 ERROR Error during parsing of the generic coverage report '/Users/vagner/Library/CloudStorage/Dropbox/_MBA Esalq/_TCC/Projeto/iOS/metrics-reports/cobertura.xml'. Look at SonarQube documentation to know the expected XML format.
16:50:29.251 INFO  EXECUTION FAILURE
16:50:29.256 INFO  Total time: 9.485s
