Command line invocation:
    /Applications/Xcode.app/Contents/Developer/usr/bin/xcodebuild clean -workspace "Cardapio USP.xcworkspace" -scheme "Cardapio USP"

--- xcodebuild: WARNING: Using the first of multiple matching destinations:
{ platform:macOS, arch:arm64, variant:Designed for [iPad,iPhone], id:00008103-000E39D401D3001E, name:My Mac }
{ platform:iOS, id:dvtdevice-DVTiPhonePlaceholder-iphoneos:placeholder, name:Any iOS Device }
{ platform:iOS Simulator, id:dvtdevice-DVTiOSDeviceSimulatorPlaceholder-iphonesimulator:placeholder, name:Any iOS Simulator Device }
{ platform:iOS, id:00008030-001E34E21E79402E, name:STI iPhone, error:STI iPhone is not connected Xcode will continue when STI iPhone is connected and unlocked. }
{ platform:iOS Simulator, arch:arm64, id:44291DE7-ED0B-4CB9-9ADF-67DE85F1DC65, OS:16.4, name:iPad (10th generation) }
{ platform:iOS Simulator, arch:x86_64, id:44291DE7-ED0B-4CB9-9ADF-67DE85F1DC65, OS:16.4, name:iPad (10th generation) }
{ platform:iOS Simulator, arch:arm64, id:A30B07BD-4479-49B5-BF6D-4048F1662ED2, OS:17.5, name:iPad (10th generation) }
{ platform:iOS Simulator, arch:x86_64, id:A30B07BD-4479-49B5-BF6D-4048F1662ED2, OS:17.5, name:iPad (10th generation) }
{ platform:iOS Simulator, arch:arm64, id:F9878C1D-393C-4068-AE79-2BEDFFCA387E, OS:18.4, name:iPad (A16) }
{ platform:iOS Simulator, arch:x86_64, id:F9878C1D-393C-4068-AE79-2BEDFFCA387E, OS:18.4, name:iPad (A16) }
{ platform:iOS Simulator, arch:arm64, id:807C4C00-BDC1-4788-97B6-0137000ECE76, OS:18.5, name:iPad (A16) }
{ platform:iOS Simulator, arch:x86_64, id:807C4C00-BDC1-4788-97B6-0137000ECE76, OS:18.5, name:iPad (A16) }
{ platform:iOS Simulator, arch:arm64, id:B3BB241B-6305-4A1A-A48E-CCE5A0995A45, OS:26.0, name:iPad (A16) }
{ platform:iOS Simulator, arch:arm64, id:588E5478-88ED-44CE-AB35-6BE9071999F9, OS:26.1, name:iPad (A16) }
{ platform:iOS Simulator, arch:arm64, id:67CAECB9-B1C8-47D2-934D-E721531B3933, OS:26.2, name:iPad (A16) }
{ platform:iOS Simulator, arch:arm64, id:C21A537A-0E8F-464C-AAD9-D7E0F2DB8423, OS:16.4, name:iPad Air (5th generation) }
{ platform:iOS Simulator, arch:x86_64, id:C21A537A-0E8F-464C-AAD9-D7E0F2DB8423, OS:16.4, name:iPad Air (5th generation) }
{ platform:iOS Simulator, arch:arm64, id:126484C7-0BB4-4A0D-BC5A-FED473E83E34, OS:17.5, name:iPad Air 11-inch (M2) }
{ platform:iOS Simulator, arch:x86_64, id:126484C7-0BB4-4A0D-BC5A-FED473E83E34, OS:17.5, name:iPad Air 11-inch (M2) }
{ platform:iOS Simulator, arch:arm64, id:3974FF4D-8CFD-45F6-9B0D-0D02736095A6, OS:18.4, name:iPad Air 11-inch (M3) }
{ platform:iOS Simulator, arch:x86_64, id:3974FF4D-8CFD-45F6-9B0D-0D02736095A6, OS:18.4, name:iPad Air 11-inch (M3) }
{ platform:iOS Simulator, arch:arm64, id:4FDBA4B1-4A63-44FC-84F0-CA583E3D2882, OS:18.5, name:iPad Air 11-inch (M3) }
{ platform:iOS Simulator, arch:x86_64, id:4FDBA4B1-4A63-44FC-84F0-CA583E3D2882, OS:18.5, name:iPad Air 11-inch (M3) }
{ platform:iOS Simulator, arch:arm64, id:12739D7B-00BE-4710-9A8F-D4F642A9EF60, OS:26.0, name:iPad Air 11-inch (M3) }
{ platform:iOS Simulator, arch:arm64, id:D3DE2FC1-0AFC-423D-8670-C77BB7D5F9C2, OS:26.1, name:iPad Air 11-inch (M3) }
{ platform:iOS Simulator, arch:arm64, id:15457EF2-BF7A-4CCA-BBFC-085D98FE769C, OS:26.2, name:iPad Air 11-inch (M3) }
{ platform:iOS Simulator, arch:arm64, id:6383DEB5-A811-4257-B9D5-40945467B84A, OS:17.5, name:iPad Air 13-inch (M2) }
{ platform:iOS Simulator, arch:x86_64, id:6383DEB5-A811-4257-B9D5-40945467B84A, OS:17.5, name:iPad Air 13-inch (M2) }
{ platform:iOS Simulator, arch:arm64, id:73CC949C-D6A8-4807-BFED-36C6D8BB7303, OS:18.4, name:iPad Air 13-inch (M3) }
{ platform:iOS Simulator, arch:x86_64, id:73CC949C-D6A8-4807-BFED-36C6D8BB7303, OS:18.4, name:iPad Air 13-inch (M3) }
{ platform:iOS Simulator, arch:arm64, id:DD5D1CD2-2014-4C5D-95F0-13D7D443F9A8, OS:18.5, name:iPad Air 13-inch (M3) }
{ platform:iOS Simulator, arch:x86_64, id:DD5D1CD2-2014-4C5D-95F0-13D7D443F9A8, OS:18.5, name:iPad Air 13-inch (M3) }
{ platform:iOS Simulator, arch:arm64, id:16F8EE32-D5F1-4A59-9CB5-75B749731CEC, OS:26.0, name:iPad Air 13-inch (M3) }
{ platform:iOS Simulator, arch:arm64, id:1A31244B-5CCC-4190-B025-F0E4B6F6848D, OS:26.1, name:iPad Air 13-inch (M3) }
{ platform:iOS Simulator, arch:arm64, id:F88FBE84-9800-4B21-A447-B08EEBA796BB, OS:26.2, name:iPad Air 13-inch (M3) }
{ platform:iOS Simulator, arch:arm64, id:482C89F6-A8CC-42E5-BBB9-2C9E437F6EA8, OS:16.4, name:iPad Pro (11-inch) (4th generation) }
{ platform:iOS Simulator, arch:x86_64, id:482C89F6-A8CC-42E5-BBB9-2C9E437F6EA8, OS:16.4, name:iPad Pro (11-inch) (4th generation) }
{ platform:iOS Simulator, arch:arm64, id:30DBC20F-AB86-44C6-A368-2D8A49399FAA, OS:16.4, name:iPad Pro (12.9-inch) (6th generation) }
{ platform:iOS Simulator, arch:x86_64, id:30DBC20F-AB86-44C6-A368-2D8A49399FAA, OS:16.4, name:iPad Pro (12.9-inch) (6th generation) }
{ platform:iOS Simulator, arch:arm64, id:E51709BF-CC70-4BA7-8D37-D4E672924459, OS:17.5, name:iPad Pro 11-inch (M4) }
{ platform:iOS Simulator, arch:x86_64, id:E51709BF-CC70-4BA7-8D37-D4E672924459, OS:17.5, name:iPad Pro 11-inch (M4) }
{ platform:iOS Simulator, arch:arm64, id:A75EAE86-B029-4FF5-952D-5F251FC7F98F, OS:18.4, name:iPad Pro 11-inch (M4) }
{ platform:iOS Simulator, arch:x86_64, id:A75EAE86-B029-4FF5-952D-5F251FC7F98F, OS:18.4, name:iPad Pro 11-inch (M4) }
{ platform:iOS Simulator, arch:arm64, id:33222800-1425-42CA-A924-5608A4873DE2, OS:18.5, name:iPad Pro 11-inch (M4) }
{ platform:iOS Simulator, arch:x86_64, id:33222800-1425-42CA-A924-5608A4873DE2, OS:18.5, name:iPad Pro 11-inch (M4) }
{ platform:iOS Simulator, arch:arm64, id:077E41F1-3499-4570-A3DD-FE2D87D9EACE, OS:26.0, name:iPad Pro 11-inch (M4) }
{ platform:iOS Simulator, arch:arm64, id:42A72446-2444-4EFD-B6C4-77CD1968FBDD, OS:26.0, name:iPad Pro 11-inch (M5) }
{ platform:iOS Simulator, arch:arm64, id:5B77087C-3B68-4DA0-B6D1-27FCE6F9DDF0, OS:26.1, name:iPad Pro 11-inch (M5) }
{ platform:iOS Simulator, arch:arm64, id:733ECB27-BDC2-44E7-AF18-83B5CFF6C716, OS:26.2, name:iPad Pro 11-inch (M5) }
{ platform:iOS Simulator, arch:arm64, id:C04A236D-E774-4172-AE2C-CBF9EF929277, OS:17.5, name:iPad Pro 13-inch (M4) }
{ platform:iOS Simulator, arch:x86_64, id:C04A236D-E774-4172-AE2C-CBF9EF929277, OS:17.5, name:iPad Pro 13-inch (M4) }
{ platform:iOS Simulator, arch:arm64, id:53365F73-660F-44BD-B287-A8F65BBC5B7B, OS:18.4, name:iPad Pro 13-inch (M4) }
{ platform:iOS Simulator, arch:x86_64, id:53365F73-660F-44BD-B287-A8F65BBC5B7B, OS:18.4, name:iPad Pro 13-inch (M4) }
{ platform:iOS Simulator, arch:arm64, id:8C25D18F-9111-4234-9252-2EA63B5F6B74, OS:18.5, name:iPad Pro 13-inch (M4) }
{ platform:iOS Simulator, arch:x86_64, id:8C25D18F-9111-4234-9252-2EA63B5F6B74, OS:18.5, name:iPad Pro 13-inch (M4) }
{ platform:iOS Simulator, arch:arm64, id:67099207-C783-41EA-9C89-B5984CE772B9, OS:26.0, name:iPad Pro 13-inch (M4) }
{ platform:iOS Simulator, arch:arm64, id:9BC3709A-AB1C-41F8-B945-8875B4A2F9C9, OS:26.0, name:iPad Pro 13-inch (M5) }
{ platform:iOS Simulator, arch:arm64, id:50AC111D-C000-4540-BD2B-BB6C7BCAAF0E, OS:26.1, name:iPad Pro 13-inch (M5) }
{ platform:iOS Simulator, arch:arm64, id:2D2D3D9D-F156-472E-9DCD-FA35239C6147, OS:26.2, name:iPad Pro 13-inch (M5) }
{ platform:iOS Simulator, arch:arm64, id:9279BACE-F38D-401B-A476-E5F004CDA4C1, OS:16.4, name:iPad mini (6th generation) }
{ platform:iOS Simulator, arch:x86_64, id:9279BACE-F38D-401B-A476-E5F004CDA4C1, OS:16.4, name:iPad mini (6th generation) }
{ platform:iOS Simulator, arch:arm64, id:78A8C88B-7DD1-4F52-A634-E9B138CA75E0, OS:17.5, name:iPad mini (6th generation) }
{ platform:iOS Simulator, arch:x86_64, id:78A8C88B-7DD1-4F52-A634-E9B138CA75E0, OS:17.5, name:iPad mini (6th generation) }
{ platform:iOS Simulator, arch:arm64, id:2144E1C3-8745-4D06-A8CC-EDB0836667C6, OS:18.4, name:iPad mini (A17 Pro) }
{ platform:iOS Simulator, arch:x86_64, id:2144E1C3-8745-4D06-A8CC-EDB0836667C6, OS:18.4, name:iPad mini (A17 Pro) }
{ platform:iOS Simulator, arch:arm64, id:3D6F0A6D-EC47-4010-BD7A-F554D1DC717C, OS:18.5, name:iPad mini (A17 Pro) }
{ platform:iOS Simulator, arch:x86_64, id:3D6F0A6D-EC47-4010-BD7A-F554D1DC717C, OS:18.5, name:iPad mini (A17 Pro) }
{ platform:iOS Simulator, arch:arm64, id:B1F14B0C-E0AE-4C49-95EB-24A4609BE9B5, OS:26.0, name:iPad mini (A17 Pro) }
{ platform:iOS Simulator, arch:arm64, id:5E80C697-26A2-4012-803D-4A88FED049D5, OS:26.1, name:iPad mini (A17 Pro) }
{ platform:iOS Simulator, arch:arm64, id:FFA3081B-8CFA-4E4B-8AC1-D4EA96501696, OS:26.2, name:iPad mini (A17 Pro) }
{ platform:iOS Simulator, arch:arm64, id:D1E6FD30-727D-4E11-9A51-531A463A4127, OS:15.5, name:iPhone 7 }
{ platform:iOS Simulator, arch:x86_64, id:D1E6FD30-727D-4E11-9A51-531A463A4127, OS:15.5, name:iPhone 7 }
{ platform:iOS Simulator, arch:arm64, id:022D9F94-1790-4FC6-8DDD-766DBB6BC109, OS:16.4, name:iPhone 8 Plus }
{ platform:iOS Simulator, arch:x86_64, id:022D9F94-1790-4FC6-8DDD-766DBB6BC109, OS:16.4, name:iPhone 8 Plus }
{ platform:iOS Simulator, arch:arm64, id:B784BEEF-F11F-4B8F-A6E7-DD3D28DD932B, OS:15.5, name:iPhone 11 (15.5) }
{ platform:iOS Simulator, arch:x86_64, id:B784BEEF-F11F-4B8F-A6E7-DD3D28DD932B, OS:15.5, name:iPhone 11 (15.5) }
{ platform:iOS Simulator, arch:arm64, id:3B415DFC-919D-4310-8805-308C01A0576E, OS:16.4, name:iPhone 11 Pro Max }
{ platform:iOS Simulator, arch:x86_64, id:3B415DFC-919D-4310-8805-308C01A0576E, OS:16.4, name:iPhone 11 Pro Max }
{ platform:iOS Simulator, arch:arm64, id:2C68832C-B2AF-4611-B3A6-F59C6CA9C8E2, OS:18.5, name:iPhone 11 Pro Max }
{ platform:iOS Simulator, arch:x86_64, id:2C68832C-B2AF-4611-B3A6-F59C6CA9C8E2, OS:18.5, name:iPhone 11 Pro Max }
{ platform:iOS Simulator, arch:arm64, id:EBD391CE-458D-4D33-9E4F-A617504EF21C, OS:26.0, name:iPhone 13 }
{ platform:iOS Simulator, arch:arm64, id:CD8BDEF6-BCD0-46B1-BDB7-F798A9D8AA0A, OS:16.4, name:iPhone 14 }
{ platform:iOS Simulator, arch:x86_64, id:CD8BDEF6-BCD0-46B1-BDB7-F798A9D8AA0A, OS:16.4, name:iPhone 14 }
{ platform:iOS Simulator, arch:arm64, id:D108D75F-BB18-46ED-8368-90794600F1C0, OS:16.4, name:iPhone 14 Plus }
{ platform:iOS Simulator, arch:x86_64, id:D108D75F-BB18-46ED-8368-90794600F1C0, OS:16.4, name:iPhone 14 Plus }
{ platform:iOS Simulator, arch:arm64, id:1E581647-8FE0-4730-8D93-43CA7AFFC0E9, OS:16.4, name:iPhone 14 Pro }
{ platform:iOS Simulator, arch:x86_64, id:1E581647-8FE0-4730-8D93-43CA7AFFC0E9, OS:16.4, name:iPhone 14 Pro }
{ platform:iOS Simulator, arch:arm64, id:2CCA5883-4B28-4B1B-8584-EB6DC0EB3A29, OS:16.4, name:iPhone 14 Pro Max }
{ platform:iOS Simulator, arch:x86_64, id:2CCA5883-4B28-4B1B-8584-EB6DC0EB3A29, OS:16.4, name:iPhone 14 Pro Max }
{ platform:iOS Simulator, arch:arm64, id:80C999D2-7415-48A4-9649-9AD89CE06A9B, OS:17.5, name:iPhone 15 }
{ platform:iOS Simulator, arch:x86_64, id:80C999D2-7415-48A4-9649-9AD89CE06A9B, OS:17.5, name:iPhone 15 }
{ platform:iOS Simulator, arch:arm64, id:C9B9F2CE-DF48-411B-A682-58F9250A2FF6, OS:17.5, name:iPhone 15 Plus }
{ platform:iOS Simulator, arch:x86_64, id:C9B9F2CE-DF48-411B-A682-58F9250A2FF6, OS:17.5, name:iPhone 15 Plus }
{ platform:iOS Simulator, arch:arm64, id:3A3F856C-5B6F-46D5-A65A-7096EA93510C, OS:17.5, name:iPhone 15 Pro }
{ platform:iOS Simulator, arch:x86_64, id:3A3F856C-5B6F-46D5-A65A-7096EA93510C, OS:17.5, name:iPhone 15 Pro }
{ platform:iOS Simulator, arch:arm64, id:0257BDC2-06FB-4B86-A8D3-9FABA35F1845, OS:17.5, name:iPhone 15 Pro Max }
{ platform:iOS Simulator, arch:x86_64, id:0257BDC2-06FB-4B86-A8D3-9FABA35F1845, OS:17.5, name:iPhone 15 Pro Max }
{ platform:iOS Simulator, arch:arm64, id:04E04430-7C60-4AE9-A84C-240902676A84, OS:18.4, name:iPhone 16 }
{ platform:iOS Simulator, arch:x86_64, id:04E04430-7C60-4AE9-A84C-240902676A84, OS:18.4, name:iPhone 16 }
{ platform:iOS Simulator, arch:arm64, id:227055EE-484A-49A9-9795-BCD084990B71, OS:18.5, name:iPhone 16 }
{ platform:iOS Simulator, arch:x86_64, id:227055EE-484A-49A9-9795-BCD084990B71, OS:18.5, name:iPhone 16 }
{ platform:iOS Simulator, arch:arm64, id:E20F3E5B-DEAA-4F45-AA9F-AE967426C16B, OS:26.0, name:iPhone 16 }
{ platform:iOS Simulator, arch:arm64, id:E46988D0-1A3A-4EF3-82EB-6AEB60C2EF5F, OS:18.4, name:iPhone 16 Plus }
{ platform:iOS Simulator, arch:x86_64, id:E46988D0-1A3A-4EF3-82EB-6AEB60C2EF5F, OS:18.4, name:iPhone 16 Plus }
{ platform:iOS Simulator, arch:arm64, id:EA943B3D-6497-45E2-A751-A476F0F33DC0, OS:18.5, name:iPhone 16 Plus }
{ platform:iOS Simulator, arch:x86_64, id:EA943B3D-6497-45E2-A751-A476F0F33DC0, OS:18.5, name:iPhone 16 Plus }
{ platform:iOS Simulator, arch:arm64, id:32112E1F-3FC6-43B1-B5C2-E61C59876F45, OS:26.0, name:iPhone 16 Plus }
{ platform:iOS Simulator, arch:arm64, id:5D89658F-2661-47BB-AF73-B3CA5425B4D3, OS:18.4, name:iPhone 16 Pro }
{ platform:iOS Simulator, arch:x86_64, id:5D89658F-2661-47BB-AF73-B3CA5425B4D3, OS:18.4, name:iPhone 16 Pro }
{ platform:iOS Simulator, arch:arm64, id:9057C8A8-4FFB-477E-A07B-9537BF983BEF, OS:18.5, name:iPhone 16 Pro }
{ platform:iOS Simulator, arch:x86_64, id:9057C8A8-4FFB-477E-A07B-9537BF983BEF, OS:18.5, name:iPhone 16 Pro }
{ platform:iOS Simulator, arch:arm64, id:5AF1CA77-A355-4D1A-A8EB-1728A6BE5309, OS:26.0, name:iPhone 16 Pro }
{ platform:iOS Simulator, arch:arm64, id:6FC1DA4C-EC2D-410C-9ECD-B65D67591D39, OS:18.4, name:iPhone 16 Pro Max }
{ platform:iOS Simulator, arch:x86_64, id:6FC1DA4C-EC2D-410C-9ECD-B65D67591D39, OS:18.4, name:iPhone 16 Pro Max }
{ platform:iOS Simulator, arch:arm64, id:2C03E979-2D42-4FD3-BCAC-C22759F6CF26, OS:18.5, name:iPhone 16 Pro Max }
{ platform:iOS Simulator, arch:x86_64, id:2C03E979-2D42-4FD3-BCAC-C22759F6CF26, OS:18.5, name:iPhone 16 Pro Max }
{ platform:iOS Simulator, arch:arm64, id:A68CABF7-E67A-492E-87FE-AD8AB45E7789, OS:26.0, name:iPhone 16 Pro Max }
{ platform:iOS Simulator, arch:arm64, id:9C26706A-E49F-4ACD-9163-CBFFB369A146, OS:18.4, name:iPhone 16e }
{ platform:iOS Simulator, arch:x86_64, id:9C26706A-E49F-4ACD-9163-CBFFB369A146, OS:18.4, name:iPhone 16e }
{ platform:iOS Simulator, arch:arm64, id:E0E39B77-8020-4CEB-AFC8-89009FD03117, OS:18.5, name:iPhone 16e }
{ platform:iOS Simulator, arch:x86_64, id:E0E39B77-8020-4CEB-AFC8-89009FD03117, OS:18.5, name:iPhone 16e }
{ platform:iOS Simulator, arch:arm64, id:05605623-CFCF-4540-9057-9117FCE3D1B9, OS:26.0, name:iPhone 16e }
{ platform:iOS Simulator, arch:arm64, id:01C7E103-CCAC-4478-85EE-E2E0702C7BC5, OS:26.1, name:iPhone 16e }
{ platform:iOS Simulator, arch:arm64, id:D336A176-280E-4A8A-BFBE-BDEFE623753F, OS:26.2, name:iPhone 16e }
{ platform:iOS Simulator, arch:arm64, id:EB5FD295-E787-4C53-AB27-CC29D27D4788, OS:26.0, name:iPhone 17 }
{ platform:iOS Simulator, arch:arm64, id:FA0223FE-B3AD-4281-8C67-215D553B1EDC, OS:26.1, name:iPhone 17 }
{ platform:iOS Simulator, arch:arm64, id:7C42DF82-0162-446C-8338-6E5219BE1BC9, OS:26.2, name:iPhone 17 }
{ platform:iOS Simulator, arch:arm64, id:A7254946-3C44-488F-8619-51FE840675D8, OS:26.0, name:iPhone 17 Pro }
{ platform:iOS Simulator, arch:arm64, id:E21B9935-ABE3-49E8-A53B-1901B35A5DDC, OS:26.1, name:iPhone 17 Pro }
{ platform:iOS Simulator, arch:arm64, id:CA1A90BA-8DDF-462F-8484-EE65BDB1E93A, OS:26.2, name:iPhone 17 Pro }
{ platform:iOS Simulator, arch:arm64, id:CE402AF5-210F-491C-B942-9832EC55F471, OS:26.0, name:iPhone 17 Pro Max }
{ platform:iOS Simulator, arch:arm64, id:2F5FE9D1-5BF3-4651-8A40-1E4A914E4414, OS:26.1, name:iPhone 17 Pro Max }
{ platform:iOS Simulator, arch:arm64, id:74AEDA1E-B63B-4566-BB47-B4871BDDCAAE, OS:26.2, name:iPhone 17 Pro Max }
{ platform:iOS Simulator, arch:arm64, id:EE52AF42-18ED-48E5-978E-397DE1B89C99, OS:26.0, name:iPhone Air }
{ platform:iOS Simulator, arch:arm64, id:F6C0E09B-69B2-4BAB-876A-6B78BFDE80F4, OS:26.1, name:iPhone Air }
{ platform:iOS Simulator, arch:arm64, id:D9A5BCC2-8D19-45A4-9E5F-F536F13C99E1, OS:26.2, name:iPhone Air }
{ platform:iOS Simulator, arch:arm64, id:C3FA2D74-D1AF-498B-AE20-4CB24E58380A, OS:16.4, name:iPhone SE (3rd generation) }
{ platform:iOS Simulator, arch:x86_64, id:C3FA2D74-D1AF-498B-AE20-4CB24E58380A, OS:16.4, name:iPhone SE (3rd generation) }
{ platform:iOS Simulator, arch:arm64, id:AABFA011-793B-4D6A-B702-72B52EA78100, OS:17.5, name:iPhone SE (3rd generation) }
{ platform:iOS Simulator, arch:x86_64, id:AABFA011-793B-4D6A-B702-72B52EA78100, OS:17.5, name:iPhone SE (3rd generation) }
{ platform:iOS Simulator, arch:arm64, id:7EC84A6C-5200-4DBD-AC00-ACF37928580C, OS:18.4, name:iPhone SE (3rd generation) }
{ platform:iOS Simulator, arch:x86_64, id:7EC84A6C-5200-4DBD-AC00-ACF37928580C, OS:18.4, name:iPhone SE (3rd generation) }
{ platform:iOS, arch:arm64, id:00008140-001234A6010A801C, name:STI iPhone }
CreateBuildRequest

SendProjectDescription

CreateBuildOperation

** CLEAN SUCCEEDED **

